PROGRAM START
19:45:14.640;COMMAND_TASK;ON_OFF;ON;None;0.5
19:45:15.231;COMMAND_TASK;COLOR_CTRL;MV_TO_COLOR_TEMP;[(250, 33), (0, 33)];0.5
19:45:15.813;COMMAND_TASK;COLOR_CTRL;MV_TO_COLOR_TEMP;[(250, 33), (0, 33)];0.5
19:45:16.385;COMMAND_TASK;LVL_CTRL;MV_TO_LVL_ONOFF;[(25, 32), (0, 33)];0.5
19:45:16.956;COMMAND_TASK;LVL_CTRL;MV_TO_LVL_ONOFF;[(25, 32), (0, 33)];0.5
19:45:17.529;COMMAND_TASK;LVL_CTRL;MV_TO_LVL_ONOFF;[(25, 32), (0, 33)];0.5
19:45:18.102;COMMAND_TASK;ON_OFF;ON;None;0.5
19:45:18.675;COMMAND_TASK;COLOR_CTRL;MV_TO_COLOR_TEMP;[(250, 33), (0, 33)];0.5
19:45:19.249;COMMAND_TASK;COLOR_CTRL;MV_TO_COLOR_TEMP;[(250, 33), (0, 33)];0.5
19:45:19.825;COMMAND_TASK;LVL_CTRL;MV_TO_LVL_ONOFF;[(25, 32), (0, 33)];0.5
19:45:20.399;COMMAND_TASK;LVL_CTRL;MV_TO_LVL_ONOFF;[(25, 32), (0, 33)];0.5
19:45:20.971;COMMAND_TASK;LVL_CTRL;MV_TO_LVL_ONOFF;[(25, 32), (0, 33)];0.5
19:45:21.542;COMMAND_TASK;ON_OFF;ON;None;0.5
19:45:22.113;COMMAND_TASK;COLOR_CTRL;MV_TO_COLOR_TEMP;[(250, 33), (0, 33)];0.5
19:45:22.684;COMMAND_TASK;COLOR_CTRL;MV_TO_COLOR_TEMP;[(250, 33), (0, 33)];0.5
19:45:23.255;COMMAND_TASK;LVL_CTRL;MV_TO_LVL_ONOFF;[(25, 32), (0, 33)];0.5
19:45:23.826;COMMAND_TASK;LVL_CTRL;MV_TO_LVL_ONOFF;[(25, 32), (0, 33)];0.5
19:45:24.408;COMMAND_TASK;LVL_CTRL;MV_TO_LVL_ONOFF;[(25, 32), (0, 33)];0.5
19:45:24.979;COMMAND_TASK;ON_OFF;ON;None;0.5
19:45:25.550;COMMAND_TASK;COLOR_CTRL;MV_TO_COLOR_TEMP;[(250, 33), (0, 33)];0.5
19:45:26.122;COMMAND_TASK;COLOR_CTRL;MV_TO_COLOR_TEMP;[(250, 33), (0, 33)];0.5
19:45:26.694;COMMAND_TASK;LVL_CTRL;MV_TO_LVL_ONOFF;[(25, 32), (0, 33)];0.5
19:45:27.267;COMMAND_TASK;LVL_CTRL;MV_TO_LVL_ONOFF;[(25, 32), (0, 33)];0.5
19:45:27.838;COMMAND_TASK;LVL_CTRL;MV_TO_LVL_ONOFF;[(25, 32), (0, 33)];0.5
